<?xml version="1.0" encoding="utf-8"?><testsuites name="pytest tests"><testsuite name="pytest" errors="0" failures="0" skipped="0" tests="10" time="2.891" timestamp="2026-04-23T02:24:46.431980+00:00" hostname="agent-env-6b500de2-9cf1-42ba-a424-1fc0e143b1fe"><testcase classname="backend.tests.test_discover_api.TestRoot" name="test_root" time="0.303" /><testcase classname="backend.tests.test_discover_api.TestSearch" name="test_search_returns_hits" time="0.458" /><testcase classname="backend.tests.test_discover_api.TestSearch" name="test_search_limit_cap" time="0.415" /><testcase classname="backend.tests.test_discover_api.TestSearch" name="test_search_requires_q" time="0.155" /><testcase classname="backend.tests.test_discover_api.TestSearch" name="test_search_empty_q_rejected" time="0.104" /><testcase classname="backend.tests.test_discover_api.TestUrlCheck" name="test_valid_mp3" time="0.555" /><testcase classname="backend.tests.test_discover_api.TestUrlCheck" name="test_invalid_html_rejected" time="0.305" /><testcase classname="backend.tests.test_discover_api.TestUrlCheck" name="test_non_http_rejected" time="0.130" /><testcase classname="backend.tests.test_discover_api.TestUrlCheck" name="test_unreachable_host" time="0.154" /><testcase classname="backend.tests.test_discover_api.TestUrlCheck" name="test_url_required" time="0.108" /></testsuite></testsuites>